<?xml version="1.0" encoding="UTF-8"?>
<testsuite name="ChuckNorrisTest" tests="1" skipped="0" failures="1" errors="0" timestamp="2023-01-12T14:22:36" hostname="LAPTOP-S0CKKHT9" time="0.155">
  <properties/>
  <testcase name="start" classname="ChuckNorrisTest" time="0.155">
    <failure message="java.lang.AssertionError: Wrong answer in test #1&#10;&#10;When the user had chosen an operation, that is not &quot;decode&quot;, &quot;encode&quot; or &quot;exit&quot;, there should be printed exactly 2 non-empty lines, the one that contains &quot;There is no '&lt;user's input&gt;' operation&quot; substring, and the &quot;Please input operation (encode/decode/exit):&quot; one as the program is looped&#10;&#10;Please find below the output of your program during this failed test.&#10;Note that the '&gt;' character indicates the beginning of the input line.&#10;&#10;---&#10;&#10;Please input operation (encode/decode/exit):&#10;&gt; encode&#10;Input string:&#10;&gt; H W!&#10;&#10;Encoded string:&#10;0 0 00 00 0 0 00 0000 0 0 00 00000 0 0 00 0 0 0 00 0 0 000 00 0 0 0 00 0000 0 0&#10;&#10;Please input operation (encode/decode/exit):&#10;&gt; decode&#10;Input encoded string:&#10;&gt; 0 0 00 00 0 0 00 0000 0 0 00 00000 0 0 00 0 0 0 00 0 0 000 00 0 0 0 00 0000 0 0&#10;Decoded string:&#10;H W!&#10;&#10;Please input operation (encode/decode/exit):&#10;&gt; Hello world!&#10;There is no Hello world! operation&#10;Please input operation (encode/decode/exit):" type="java.lang.AssertionError">java.lang.AssertionError: Wrong answer in test #1

When the user had chosen an operation, that is not &quot;decode&quot;, &quot;encode&quot; or &quot;exit&quot;, there should be printed exactly 2 non-empty lines, the one that contains &quot;There is no '&lt;user's input&gt;' operation&quot; substring, and the &quot;Please input operation (encode/decode/exit):&quot; one as the program is looped

Please find below the output of your program during this failed test.
Note that the '&gt;' character indicates the beginning of the input line.

---

Please input operation (encode/decode/exit):
&gt; encode
Input string:
&gt; H W!

Encoded string:
0 0 00 00 0 0 00 0000 0 0 00 00000 0 0 00 0 0 0 00 0 0 000 00 0 0 0 00 0000 0 0

Please input operation (encode/decode/exit):
&gt; decode
Input encoded string:
&gt; 0 0 00 00 0 0 00 0000 0 0 00 00000 0 0 00 0 0 0 00 0 0 000 00 0 0 0 00 0000 0 0
Decoded string:
H W!

Please input operation (encode/decode/exit):
&gt; Hello world!
There is no Hello world! operation
Please input operation (encode/decode/exit):
	at org.junit.Assert.fail(Assert.java:89)
	at org.hyperskill.hstest.stage.StageTest.start(StageTest.java:203)
	at java.base/jdk.internal.reflect.NativeMethodAccessorImpl.invoke0(Native Method)
	at java.base/jdk.internal.reflect.NativeMethodAccessorImpl.invoke(NativeMethodAccessorImpl.java:77)
	at java.base/jdk.internal.reflect.DelegatingMethodAccessorImpl.invoke(DelegatingMethodAccessorImpl.java:43)
	at java.base/java.lang.reflect.Method.invoke(Method.java:568)
	at org.junit.runners.model.FrameworkMethod$1.runReflectiveCall(FrameworkMethod.java:59)
	at org.junit.internal.runners.model.ReflectiveCallable.run(ReflectiveCallable.java:12)
	at org.junit.runners.model.FrameworkMethod.invokeExplosively(FrameworkMethod.java:56)
	at org.junit.internal.runners.statements.InvokeMethod.evaluate(InvokeMethod.java:17)
	at org.junit.runners.ParentRunner$3.evaluate(ParentRunner.java:306)
	at org.junit.runners.BlockJUnit4ClassRunner$1.evaluate(BlockJUnit4ClassRunner.java:100)
	at org.junit.runners.ParentRunner.runLeaf(ParentRunner.java:366)
	at org.junit.runners.BlockJUnit4ClassRunner.runChild(BlockJUnit4ClassRunner.java:103)
	at org.junit.runners.BlockJUnit4ClassRunner.runChild(BlockJUnit4ClassRunner.java:63)
	at org.junit.runners.ParentRunner$4.run(ParentRunner.java:331)
	at org.junit.runners.ParentRunner$1.schedule(ParentRunner.java:79)
	at org.junit.runners.ParentRunner.runChildren(ParentRunner.java:329)
	at org.junit.runners.ParentRunner.access$100(ParentRunner.java:66)
	at org.junit.runners.ParentRunner$2.evaluate(ParentRunner.java:293)
	at org.junit.runners.ParentRunner$3.evaluate(ParentRunner.java:306)
	at org.junit.runners.ParentRunner.run(ParentRunner.java:413)
	at org.gradle.api.internal.tasks.testing.junit.JUnitTestClassExecutor.runTestClass(JUnitTestClassExecutor.java:110)
	at org.gradle.api.internal.tasks.testing.junit.JUnitTestClassExecutor.execute(JUnitTestClassExecutor.java:58)
	at org.gradle.api.internal.tasks.testing.junit.JUnitTestClassExecutor.execute(JUnitTestClassExecutor.java:38)
	at org.gradle.api.internal.tasks.testing.junit.AbstractJUnitTestClassProcessor.processTestClass(AbstractJUnitTestClassProcessor.java:62)
	at org.gradle.api.internal.tasks.testing.SuiteTestClassProcessor.processTestClass(SuiteTestClassProcessor.java:51)
	at java.base/jdk.internal.reflect.NativeMethodAccessorImpl.invoke0(Native Method)
	at java.base/jdk.internal.reflect.NativeMethodAccessorImpl.invoke(NativeMethodAccessorImpl.java:77)
	at java.base/jdk.internal.reflect.DelegatingMethodAccessorImpl.invoke(DelegatingMethodAccessorImpl.java:43)
	at java.base/java.lang.reflect.Method.invoke(Method.java:568)
	at org.gradle.internal.dispatch.ReflectionDispatch.dispatch(ReflectionDispatch.java:36)
	at org.gradle.internal.dispatch.ReflectionDispatch.dispatch(ReflectionDispatch.java:24)
	at org.gradle.internal.dispatch.ContextClassLoaderDispatch.dispatch(ContextClassLoaderDispatch.java:33)
	at org.gradle.internal.dispatch.ProxyDispatchAdapter$DispatchingInvocationHandler.invoke(ProxyDispatchAdapter.java:94)
	at jdk.proxy1/jdk.proxy1.$Proxy2.processTestClass(Unknown Source)
	at org.gradle.api.internal.tasks.testing.worker.TestWorker$2.run(TestWorker.java:176)
	at org.gradle.api.internal.tasks.testing.worker.TestWorker.executeAndMaintainThreadName(TestWorker.java:129)
	at org.gradle.api.internal.tasks.testing.worker.TestWorker.execute(TestWorker.java:100)
	at org.gradle.api.internal.tasks.testing.worker.TestWorker.execute(TestWorker.java:60)
	at org.gradle.process.internal.worker.child.ActionExecutionWorker.execute(ActionExecutionWorker.java:56)
	at org.gradle.process.internal.worker.child.SystemApplicationClassLoaderWorker.call(SystemApplicationClassLoaderWorker.java:133)
	at org.gradle.process.internal.worker.child.SystemApplicationClassLoaderWorker.call(SystemApplicationClassLoaderWorker.java:71)
	at worker.org.gradle.process.internal.worker.GradleWorkerMain.run(GradleWorkerMain.java:69)
	at worker.org.gradle.process.internal.worker.GradleWorkerMain.main(GradleWorkerMain.java:74)
</failure>
  </testcase>
  <system-out><![CDATA[?[1;31m
Start test 1?[0m
Please input operation (encode/decode/exit):
> encode
Input string:
> H W!

Encoded string:
0 0 00 00 0 0 00 0000 0 0 00 00000 0 0 00 0 0 0 00 0 0 000 00 0 0 0 00 0000 0 0

Please input operation (encode/decode/exit):
> decode
Input encoded string:
> 0 0 00 00 0 0 00 0000 0 0 00 00000 0 0 00 0 0 0 00 0 0 000 00 0 0 0 00 0000 0 0
Decoded string:
H W!

Please input operation (encode/decode/exit):
> Hello world!
There is no Hello world! operation
Please input operation (encode/decode/exit):
]]></system-out>
  <system-err><![CDATA[]]></system-err>
</testsuite>
